{"@timestamp":"2025-12-29T10:15:23.145Z","event":{"code":"4625","action":"logon-failed","outcome":"failure","kind":"event","category":["authentication"],"type":["start"]},"winlog":{"event_id":4625,"provider_name":"Microsoft-Windows-Security-Auditing","channel":"Security","computer_name":"DC01.corp.local","event_data":{"SubjectUserSid":"S-1-5-18","SubjectUserName":"DC01$","SubjectDomainName":"CORP","SubjectLogonId":"0x3e7","TargetUserSid":"S-1-0-0","TargetUserName":"administrator","TargetDomainName":"CORP","Status":"0xc000006d","FailureReason":"%%2313","SubStatus":"0xc000006a","LogonType":"3","LogonProcessName":"NtLmSsp","AuthenticationPackageName":"NTLM","WorkstationName":"ATTACKER-PC","IpAddress":"192.168.1.50","IpPort":"54321"}},"host":{"name":"DC01","hostname":"DC01.corp.local"},"source":{"ip":"192.168.1.50","port":54321},"user":{"name":"administrator","domain":"CORP"},"agent":{"type":"winlogbeat","version":"8.11.0"}}
{"@timestamp":"2025-12-29T10:15:28.234Z","event":{"code":"4625","action":"logon-failed","outcome":"failure","kind":"event","category":["authentication"],"type":["start"]},"winlog":{"event_id":4625,"provider_name":"Microsoft-Windows-Security-Auditing","channel":"Security","computer_name":"DC01.corp.local","event_data":{"SubjectUserSid":"S-1-5-18","SubjectUserName":"DC01$","SubjectDomainName":"CORP","SubjectLogonId":"0x3e7","TargetUserSid":"S-1-0-0","TargetUserName":"administrator","TargetDomainName":"CORP","Status":"0xc000006d","FailureReason":"%%2313","SubStatus":"0xc000006a","LogonType":"3","LogonProcessName":"NtLmSsp","AuthenticationPackageName":"NTLM","WorkstationName":"ATTACKER-PC","IpAddress":"192.168.1.50","IpPort":"54322"}},"host":{"name":"DC01","hostname":"DC01.corp.local"},"source":{"ip":"192.168.1.50","port":54322},"user":{"name":"administrator","domain":"CORP"},"agent":{"type":"winlogbeat","version":"8.11.0"}}
{"@timestamp":"2025-12-29T10:15:33.567Z","event":{"code":"4625","action":"logon-failed","outcome":"failure","kind":"event","category":["authentication"],"type":["start"]},"winlog":{"event_id":4625,"provider_name":"Microsoft-Windows-Security-Auditing","channel":"Security","computer_name":"DC01.corp.local","event_data":{"SubjectUserSid":"S-1-5-18","SubjectUserName":"DC01$","SubjectDomainName":"CORP","SubjectLogonId":"0x3e7","TargetUserSid":"S-1-0-0","TargetUserName":"administrator","TargetDomainName":"CORP","Status":"0xc000006d","FailureReason":"%%2313","SubStatus":"0xc000006a","LogonType":"3","LogonProcessName":"NtLmSsp","AuthenticationPackageName":"NTLM","WorkstationName":"ATTACKER-PC","IpAddress":"192.168.1.50","IpPort":"54323"}},"host":{"name":"DC01","hostname":"DC01.corp.local"},"source":{"ip":"192.168.1.50","port":54323},"user":{"name":"administrator","domain":"CORP"},"agent":{"type":"winlogbeat","version":"8.11.0"}}
{"@timestamp":"2025-12-29T10:15:38.891Z","event":{"code":"4625","action":"logon-failed","outcome":"failure","kind":"event","category":["authentication"],"type":["start"]},"winlog":{"event_id":4625,"provider_name":"Microsoft-Windows-Security-Auditing","channel":"Security","computer_name":"DC01.corp.local","event_data":{"SubjectUserSid":"S-1-5-18","SubjectUserName":"DC01$","SubjectDomainName":"CORP","SubjectLogonId":"0x3e7","TargetUserSid":"S-1-0-0","TargetUserName":"administrator","TargetDomainName":"CORP","Status":"0xc000006d","FailureReason":"%%2313","SubStatus":"0xc000006a","LogonType":"3","LogonProcessName":"NtLmSsp","AuthenticationPackageName":"NTLM","WorkstationName":"ATTACKER-PC","IpAddress":"192.168.1.50","IpPort":"54324"}},"host":{"name":"DC01","hostname":"DC01.corp.local"},"source":{"ip":"192.168.1.50","port":54324},"user":{"name":"administrator","domain":"CORP"},"agent":{"type":"winlogbeat","version":"8.11.0"}}
{"@timestamp":"2025-12-29T10:15:44.123Z","event":{"code":"4625","action":"logon-failed","outcome":"failure","kind":"event","category":["authentication"],"type":["start"]},"winlog":{"event_id":4625,"provider_name":"Microsoft-Windows-Security-Auditing","channel":"Security","computer_name":"DC01.corp.local","event_data":{"SubjectUserSid":"S-1-5-18","SubjectUserName":"DC01$","SubjectDomainName":"CORP","SubjectLogonId":"0x3e7","TargetUserSid":"S-1-0-0","TargetUserName":"administrator","TargetDomainName":"CORP","Status":"0xc000006d","FailureReason":"%%2313","SubStatus":"0xc000006a","LogonType":"3","LogonProcessName":"NtLmSsp","AuthenticationPackageName":"NTLM","WorkstationName":"ATTACKER-PC","IpAddress":"192.168.1.50","IpPort":"54325"}},"host":{"name":"DC01","hostname":"DC01.corp.local"},"source":{"ip":"192.168.1.50","port":54325},"user":{"name":"administrator","domain":"CORP"},"agent":{"type":"winlogbeat","version":"8.11.0"}}
{"@timestamp":"2025-12-29T10:15:49.456Z","event":{"code":"4624","action":"logged-in","outcome":"success","kind":"event","category":["authentication"],"type":["start"]},"winlog":{"event_id":4624,"provider_name":"Microsoft-Windows-Security-Auditing","channel":"Security","computer_name":"DC01.corp.local","event_data":{"SubjectUserSid":"S-1-5-18","SubjectUserName":"DC01$","SubjectDomainName":"CORP","SubjectLogonId":"0x3e7","TargetUserSid":"S-1-5-21-3623811015-3361044348-30300820-500","TargetUserName":"administrator","TargetDomainName":"CORP","TargetLogonId":"0x1a2b3c4d","LogonType":"3","LogonProcessName":"NtLmSsp","AuthenticationPackageName":"NTLM","WorkstationName":"ATTACKER-PC","LogonGuid":"{00000000-0000-0000-0000-000000000000}","IpAddress":"192.168.1.50","IpPort":"54326"}},"host":{"name":"DC01","hostname":"DC01.corp.local"},"source":{"ip":"192.168.1.50","port":54326},"user":{"name":"administrator","domain":"CORP","id":"S-1-5-21-3623811015-3361044348-30300820-500"},"agent":{"type":"winlogbeat","version":"8.11.0"}}